<?xml version="1.0" encoding="UTF-8"?>
<testng-results ignored="0" total="27" passed="25" failed="2" skipped="0">
  <reporter-output>
  </reporter-output>
  <suite started-at="2020-12-04T11:14:44 IST" name="Default suite" finished-at="2020-12-04T11:18:24 IST" duration-ms="219497">
    <groups>
    </groups>
    <test started-at="2020-12-04T11:14:44 IST" name="Default test" finished-at="2020-12-04T11:18:24 IST" duration-ms="219497">
      <class name="test.UserLogInTest">
        <test-method is-config="true" signature="beforeMethod()[pri:0, instance:test.UserLogInTest@527e5409]" started-at="2020-12-04T11:14:44 IST" name="beforeMethod" finished-at="2020-12-04T11:15:13 IST" duration-ms="28813" status="PASS">
          <reporter-output>
          </reporter-output>
        </test-method> <!-- beforeMethod -->
        <test-method signature="LogInCheckFailed_01()[pri:0, instance:test.UserLogInTest@527e5409]" started-at="2020-12-04T11:15:13 IST" name="LogInCheckFailed_01" finished-at="2020-12-04T11:15:17 IST" duration-ms="3981" status="PASS">
          <reporter-output>
          </reporter-output>
        </test-method> <!-- LogInCheckFailed_01 -->
        <test-method is-config="true" signature="quitBrowser()[pri:0, instance:test.UserLogInTest@527e5409]" started-at="2020-12-04T11:15:17 IST" name="quitBrowser" finished-at="2020-12-04T11:15:18 IST" duration-ms="267" status="PASS">
          <reporter-output>
          </reporter-output>
        </test-method> <!-- quitBrowser -->
        <test-method is-config="true" signature="beforeMethod()[pri:0, instance:test.UserLogInTest@527e5409]" started-at="2020-12-04T11:15:18 IST" name="beforeMethod" finished-at="2020-12-04T11:15:28 IST" duration-ms="10334" status="PASS">
          <reporter-output>
          </reporter-output>
        </test-method> <!-- beforeMethod -->
        <test-method signature="LogInCheckFailed_02()[pri:0, instance:test.UserLogInTest@527e5409]" started-at="2020-12-04T11:15:28 IST" name="LogInCheckFailed_02" finished-at="2020-12-04T11:15:31 IST" duration-ms="2967" status="PASS">
          <reporter-output>
          </reporter-output>
        </test-method> <!-- LogInCheckFailed_02 -->
        <test-method is-config="true" signature="quitBrowser()[pri:0, instance:test.UserLogInTest@527e5409]" started-at="2020-12-04T11:15:31 IST" name="quitBrowser" finished-at="2020-12-04T11:15:31 IST" duration-ms="151" status="PASS">
          <reporter-output>
          </reporter-output>
        </test-method> <!-- quitBrowser -->
        <test-method is-config="true" signature="beforeMethod()[pri:0, instance:test.UserLogInTest@527e5409]" started-at="2020-12-04T11:15:31 IST" name="beforeMethod" finished-at="2020-12-04T11:15:34 IST" duration-ms="2949" status="PASS">
          <reporter-output>
          </reporter-output>
        </test-method> <!-- beforeMethod -->
        <test-method signature="LogInCheckFailed_03()[pri:0, instance:test.UserLogInTest@527e5409]" started-at="2020-12-04T11:15:34 IST" name="LogInCheckFailed_03" finished-at="2020-12-04T11:15:37 IST" duration-ms="2895" status="PASS">
          <reporter-output>
          </reporter-output>
        </test-method> <!-- LogInCheckFailed_03 -->
        <test-method is-config="true" signature="quitBrowser()[pri:0, instance:test.UserLogInTest@527e5409]" started-at="2020-12-04T11:15:37 IST" name="quitBrowser" finished-at="2020-12-04T11:15:37 IST" duration-ms="249" status="PASS">
          <reporter-output>
          </reporter-output>
        </test-method> <!-- quitBrowser -->
        <test-method is-config="true" signature="beforeMethod()[pri:0, instance:test.UserLogInTest@527e5409]" started-at="2020-12-04T11:15:37 IST" name="beforeMethod" finished-at="2020-12-04T11:15:39 IST" duration-ms="2218" status="PASS">
          <reporter-output>
          </reporter-output>
        </test-method> <!-- beforeMethod -->
        <test-method signature="LogInCheck_01()[pri:0, instance:test.UserLogInTest@527e5409]" started-at="2020-12-04T11:15:39 IST" name="LogInCheck_01" finished-at="2020-12-04T11:15:44 IST" duration-ms="4182" status="PASS">
          <reporter-output>
          </reporter-output>
        </test-method> <!-- LogInCheck_01 -->
        <test-method is-config="true" signature="quitBrowser()[pri:0, instance:test.UserLogInTest@527e5409]" started-at="2020-12-04T11:15:44 IST" name="quitBrowser" finished-at="2020-12-04T11:15:44 IST" duration-ms="391" status="PASS">
          <reporter-output>
          </reporter-output>
        </test-method> <!-- quitBrowser -->
        <test-method is-config="true" signature="beforeMethod()[pri:0, instance:test.UserLogInTest@527e5409]" started-at="2020-12-04T11:15:44 IST" name="beforeMethod" finished-at="2020-12-04T11:15:46 IST" duration-ms="2050" status="PASS">
          <reporter-output>
          </reporter-output>
        </test-method> <!-- beforeMethod -->
        <test-method signature="LogInCheck_02()[pri:0, instance:test.UserLogInTest@527e5409]" started-at="2020-12-04T11:15:46 IST" name="LogInCheck_02" finished-at="2020-12-04T11:15:50 IST" duration-ms="3934" status="PASS">
          <reporter-output>
          </reporter-output>
        </test-method> <!-- LogInCheck_02 -->
        <test-method is-config="true" signature="quitBrowser()[pri:0, instance:test.UserLogInTest@527e5409]" started-at="2020-12-04T11:15:50 IST" name="quitBrowser" finished-at="2020-12-04T11:15:50 IST" duration-ms="208" status="PASS">
          <reporter-output>
          </reporter-output>
        </test-method> <!-- quitBrowser -->
        <test-method is-config="true" signature="beforeMethod()[pri:0, instance:test.UserLogInTest@527e5409]" started-at="2020-12-04T11:15:50 IST" name="beforeMethod" finished-at="2020-12-04T11:15:53 IST" duration-ms="2403" status="PASS">
          <reporter-output>
          </reporter-output>
        </test-method> <!-- beforeMethod -->
        <test-method signature="LogInCheck_03()[pri:0, instance:test.UserLogInTest@527e5409]" started-at="2020-12-04T11:15:53 IST" name="LogInCheck_03" finished-at="2020-12-04T11:15:56 IST" duration-ms="3858" status="PASS">
          <reporter-output>
          </reporter-output>
        </test-method> <!-- LogInCheck_03 -->
        <test-method is-config="true" signature="quitBrowser()[pri:0, instance:test.UserLogInTest@527e5409]" started-at="2020-12-04T11:15:56 IST" name="quitBrowser" finished-at="2020-12-04T11:15:57 IST" duration-ms="237" status="PASS">
          <reporter-output>
          </reporter-output>
        </test-method> <!-- quitBrowser -->
      </class> <!-- test.UserLogInTest -->
      <class name="test.CustomerBankingTest">
        <test-method is-config="true" signature="SetUp()[pri:0, instance:test.CustomerBankingTest@1198b989]" started-at="2020-12-04T11:15:57 IST" name="SetUp" finished-at="2020-12-04T11:15:59 IST" duration-ms="2084" status="PASS">
          <reporter-output>
          </reporter-output>
        </test-method> <!-- SetUp -->
        <test-method is-config="true" signature="beforeMethod()[pri:0, instance:test.CustomerBankingTest@1198b989]" started-at="2020-12-04T11:15:59 IST" name="beforeMethod" finished-at="2020-12-04T11:16:02 IST" duration-ms="2835" status="PASS">
          <reporter-output>
          </reporter-output>
        </test-method> <!-- beforeMethod -->
        <test-method signature="verifyDeposite()[pri:1, instance:test.CustomerBankingTest@1198b989]" started-at="2020-12-04T11:16:02 IST" name="verifyDeposite" finished-at="2020-12-04T11:16:04 IST" duration-ms="2763" status="PASS">
          <reporter-output>
          </reporter-output>
        </test-method> <!-- verifyDeposite -->
        <test-method is-config="true" signature="afterMethod()[pri:0, instance:test.CustomerBankingTest@1198b989]" started-at="2020-12-04T11:16:04 IST" name="afterMethod" finished-at="2020-12-04T11:16:07 IST" duration-ms="2385" status="PASS">
          <reporter-output>
          </reporter-output>
        </test-method> <!-- afterMethod -->
        <test-method is-config="true" signature="beforeMethod()[pri:0, instance:test.CustomerBankingTest@1198b989]" started-at="2020-12-04T11:16:07 IST" name="beforeMethod" finished-at="2020-12-04T11:16:10 IST" duration-ms="2855" status="PASS">
          <reporter-output>
          </reporter-output>
        </test-method> <!-- beforeMethod -->
        <test-method signature="verifyMoneyTransfer()[pri:2, instance:test.CustomerBankingTest@1198b989]" started-at="2020-12-04T11:16:10 IST" name="verifyMoneyTransfer" finished-at="2020-12-04T11:16:22 IST" duration-ms="12093" status="PASS">
          <reporter-output>
          </reporter-output>
        </test-method> <!-- verifyMoneyTransfer -->
        <test-method is-config="true" signature="afterMethod()[pri:0, instance:test.CustomerBankingTest@1198b989]" started-at="2020-12-04T11:16:22 IST" name="afterMethod" finished-at="2020-12-04T11:16:24 IST" duration-ms="2254" status="PASS">
          <reporter-output>
          </reporter-output>
        </test-method> <!-- afterMethod -->
        <test-method is-config="true" signature="beforeMethod()[pri:0, instance:test.CustomerBankingTest@1198b989]" started-at="2020-12-04T11:16:24 IST" name="beforeMethod" finished-at="2020-12-04T11:16:27 IST" duration-ms="2785" status="PASS">
          <reporter-output>
          </reporter-output>
        </test-method> <!-- beforeMethod -->
        <test-method signature="verifyWithdraw_01()[pri:3, instance:test.CustomerBankingTest@1198b989]" started-at="2020-12-04T11:16:27 IST" name="verifyWithdraw_01" finished-at="2020-12-04T11:16:28 IST" duration-ms="1608" status="FAIL">
          <exception class="java.lang.NumberFormatException">
            <message>
              <![CDATA[For input string: "Withdrawal"]]>
            </message>
            <full-stacktrace>
              <![CDATA[java.lang.NumberFormatException: For input string: "Withdrawal"
at java.base/jdk.internal.math.FloatingDecimal.readJavaFormatString(FloatingDecimal.java:2054)
at java.base/jdk.internal.math.FloatingDecimal.parseDouble(FloatingDecimal.java:110)
at java.base/java.lang.Double.parseDouble(Double.java:543)
at test.CustomerBankingTest.checkBalance(CustomerBankingTest.java:123)
at test.CustomerBankingTest.withdraw(CustomerBankingTest.java:137)
at test.CustomerBankingTest.verifyWithdraw_01(CustomerBankingTest.java:62)
at java.base/jdk.internal.reflect.NativeMethodAccessorImpl.invoke0(Native Method)
at java.base/jdk.internal.reflect.NativeMethodAccessorImpl.invoke(NativeMethodAccessorImpl.java:62)
at java.base/jdk.internal.reflect.DelegatingMethodAccessorImpl.invoke(DelegatingMethodAccessorImpl.java:43)
at java.base/java.lang.reflect.Method.invoke(Method.java:566)
at org.testng.internal.MethodInvocationHelper.invokeMethod(MethodInvocationHelper.java:132)
at org.testng.internal.TestInvoker.invokeMethod(TestInvoker.java:599)
at org.testng.internal.TestInvoker.invokeTestMethod(TestInvoker.java:174)
at org.testng.internal.MethodRunner.runInSequence(MethodRunner.java:46)
at org.testng.internal.TestInvoker$MethodInvocationAgent.invoke(TestInvoker.java:822)
at org.testng.internal.TestInvoker.invokeTestMethods(TestInvoker.java:147)
at org.testng.internal.TestMethodWorker.invokeTestMethods(TestMethodWorker.java:146)
at org.testng.internal.TestMethodWorker.run(TestMethodWorker.java:128)
at java.base/java.util.ArrayList.forEach(ArrayList.java:1541)
at org.testng.TestRunner.privateRun(TestRunner.java:764)
at org.testng.TestRunner.run(TestRunner.java:585)
at org.testng.SuiteRunner.runTest(SuiteRunner.java:384)
at org.testng.SuiteRunner.runSequentially(SuiteRunner.java:378)
at org.testng.SuiteRunner.privateRun(SuiteRunner.java:337)
at org.testng.SuiteRunner.run(SuiteRunner.java:286)
at org.testng.SuiteRunnerWorker.runSuite(SuiteRunnerWorker.java:53)
at org.testng.SuiteRunnerWorker.run(SuiteRunnerWorker.java:96)
at org.testng.TestNG.runSuitesSequentially(TestNG.java:1218)
at org.testng.TestNG.runSuitesLocally(TestNG.java:1140)
at org.testng.TestNG.runSuites(TestNG.java:1069)
at org.testng.TestNG.run(TestNG.java:1037)
at org.testng.remote.AbstractRemoteTestNG.run(AbstractRemoteTestNG.java:115)
at org.testng.remote.RemoteTestNG.initAndRun(RemoteTestNG.java:251)
at org.testng.remote.RemoteTestNG.main(RemoteTestNG.java:77)
]]>
            </full-stacktrace>
          </exception> <!-- java.lang.NumberFormatException -->
          <reporter-output>
          </reporter-output>
        </test-method> <!-- verifyWithdraw_01 -->
        <test-method is-config="true" signature="afterMethod()[pri:0, instance:test.CustomerBankingTest@1198b989]" started-at="2020-12-04T11:16:28 IST" name="afterMethod" finished-at="2020-12-04T11:16:31 IST" duration-ms="2157" status="PASS">
          <reporter-output>
          </reporter-output>
        </test-method> <!-- afterMethod -->
        <test-method is-config="true" signature="beforeMethod()[pri:0, instance:test.CustomerBankingTest@1198b989]" started-at="2020-12-04T11:16:31 IST" name="beforeMethod" finished-at="2020-12-04T11:16:44 IST" duration-ms="13907" status="PASS">
          <reporter-output>
          </reporter-output>
        </test-method> <!-- beforeMethod -->
        <test-method signature="verifyWithdraw_02()[pri:4, instance:test.CustomerBankingTest@1198b989]" started-at="2020-12-04T11:16:44 IST" name="verifyWithdraw_02" finished-at="2020-12-04T11:16:47 IST" duration-ms="2023" status="FAIL">
          <exception class="java.lang.AssertionError">
            <message>
              <![CDATA[expected [true] but found [false]]]>
            </message>
            <full-stacktrace>
              <![CDATA[java.lang.AssertionError: expected [true] but found [false]
at org.testng.Assert.fail(Assert.java:99)
at org.testng.Assert.failNotEquals(Assert.java:1037)
at org.testng.Assert.assertTrue(Assert.java:45)
at org.testng.Assert.assertTrue(Assert.java:55)
at test.CustomerBankingTest.withdraw(CustomerBankingTest.java:139)
at test.CustomerBankingTest.verifyWithdraw_02(CustomerBankingTest.java:68)
at java.base/jdk.internal.reflect.NativeMethodAccessorImpl.invoke0(Native Method)
at java.base/jdk.internal.reflect.NativeMethodAccessorImpl.invoke(NativeMethodAccessorImpl.java:62)
at java.base/jdk.internal.reflect.DelegatingMethodAccessorImpl.invoke(DelegatingMethodAccessorImpl.java:43)
at java.base/java.lang.reflect.Method.invoke(Method.java:566)
at org.testng.internal.MethodInvocationHelper.invokeMethod(MethodInvocationHelper.java:132)
at org.testng.internal.TestInvoker.invokeMethod(TestInvoker.java:599)
at org.testng.internal.TestInvoker.invokeTestMethod(TestInvoker.java:174)
at org.testng.internal.MethodRunner.runInSequence(MethodRunner.java:46)
at org.testng.internal.TestInvoker$MethodInvocationAgent.invoke(TestInvoker.java:822)
at org.testng.internal.TestInvoker.invokeTestMethods(TestInvoker.java:147)
at org.testng.internal.TestMethodWorker.invokeTestMethods(TestMethodWorker.java:146)
at org.testng.internal.TestMethodWorker.run(TestMethodWorker.java:128)
at java.base/java.util.ArrayList.forEach(ArrayList.java:1541)
at org.testng.TestRunner.privateRun(TestRunner.java:764)
at org.testng.TestRunner.run(TestRunner.java:585)
at org.testng.SuiteRunner.runTest(SuiteRunner.java:384)
at org.testng.SuiteRunner.runSequentially(SuiteRunner.java:378)
at org.testng.SuiteRunner.privateRun(SuiteRunner.java:337)
at org.testng.SuiteRunner.run(SuiteRunner.java:286)
at org.testng.SuiteRunnerWorker.runSuite(SuiteRunnerWorker.java:53)
at org.testng.SuiteRunnerWorker.run(SuiteRunnerWorker.java:96)
at org.testng.TestNG.runSuitesSequentially(TestNG.java:1218)
at org.testng.TestNG.runSuitesLocally(TestNG.java:1140)
at org.testng.TestNG.runSuites(TestNG.java:1069)
at org.testng.TestNG.run(TestNG.java:1037)
at org.testng.remote.AbstractRemoteTestNG.run(AbstractRemoteTestNG.java:115)
at org.testng.remote.RemoteTestNG.initAndRun(RemoteTestNG.java:251)
at org.testng.remote.RemoteTestNG.main(RemoteTestNG.java:77)
]]>
            </full-stacktrace>
          </exception> <!-- java.lang.AssertionError -->
          <reporter-output>
          </reporter-output>
        </test-method> <!-- verifyWithdraw_02 -->
        <test-method is-config="true" signature="afterMethod()[pri:0, instance:test.CustomerBankingTest@1198b989]" started-at="2020-12-04T11:16:47 IST" name="afterMethod" finished-at="2020-12-04T11:16:49 IST" duration-ms="2358" status="PASS">
          <reporter-output>
          </reporter-output>
        </test-method> <!-- afterMethod -->
        <test-method is-config="true" signature="quitBrowser()[pri:0, instance:test.CustomerBankingTest@1198b989]" started-at="2020-12-04T11:16:49 IST" name="quitBrowser" finished-at="2020-12-04T11:16:49 IST" duration-ms="92" status="PASS">
          <reporter-output>
          </reporter-output>
        </test-method> <!-- quitBrowser -->
      </class> <!-- test.CustomerBankingTest -->
      <class name="test.HomePageTest">
        <test-method is-config="true" signature="setUp()[pri:0, instance:test.HomePageTest@7ff95560]" started-at="2020-12-04T11:16:49 IST" name="setUp" finished-at="2020-12-04T11:16:55 IST" duration-ms="6242" status="PASS">
          <reporter-output>
          </reporter-output>
        </test-method> <!-- setUp -->
        <test-method is-config="true" signature="beforeMethod()[pri:0, instance:test.HomePageTest@7ff95560]" started-at="2020-12-04T11:16:55 IST" name="beforeMethod" finished-at="2020-12-04T11:16:55 IST" duration-ms="0" status="PASS">
          <reporter-output>
          </reporter-output>
        </test-method> <!-- beforeMethod -->
        <test-method signature="checkFooter()[pri:0, instance:test.HomePageTest@7ff95560]" started-at="2020-12-04T11:16:55 IST" name="checkFooter" finished-at="2020-12-04T11:16:56 IST" duration-ms="591" status="PASS">
          <reporter-output>
          </reporter-output>
        </test-method> <!-- checkFooter -->
        <test-method is-config="true" signature="afterMethod()[pri:0, instance:test.HomePageTest@7ff95560]" started-at="2020-12-04T11:16:56 IST" name="afterMethod" finished-at="2020-12-04T11:16:56 IST" duration-ms="1" status="PASS">
          <reporter-output>
          </reporter-output>
        </test-method> <!-- afterMethod -->
        <test-method is-config="true" signature="beforeMethod()[pri:0, instance:test.HomePageTest@7ff95560]" started-at="2020-12-04T11:16:56 IST" name="beforeMethod" finished-at="2020-12-04T11:16:56 IST" duration-ms="1" status="PASS">
          <reporter-output>
          </reporter-output>
        </test-method> <!-- beforeMethod -->
        <test-method signature="checkLoginPresent()[pri:0, instance:test.HomePageTest@7ff95560]" started-at="2020-12-04T11:16:56 IST" name="checkLoginPresent" finished-at="2020-12-04T11:16:56 IST" duration-ms="215" status="PASS">
          <reporter-output>
          </reporter-output>
        </test-method> <!-- checkLoginPresent -->
        <test-method is-config="true" signature="afterMethod()[pri:0, instance:test.HomePageTest@7ff95560]" started-at="2020-12-04T11:16:56 IST" name="afterMethod" finished-at="2020-12-04T11:16:56 IST" duration-ms="1" status="PASS">
          <reporter-output>
          </reporter-output>
        </test-method> <!-- afterMethod -->
        <test-method is-config="true" signature="beforeMethod()[pri:0, instance:test.HomePageTest@7ff95560]" started-at="2020-12-04T11:16:56 IST" name="beforeMethod" finished-at="2020-12-04T11:16:56 IST" duration-ms="1" status="PASS">
          <reporter-output>
          </reporter-output>
        </test-method> <!-- beforeMethod -->
        <test-method signature="verifyHeader()[pri:0, instance:test.HomePageTest@7ff95560]" started-at="2020-12-04T11:16:56 IST" name="verifyHeader" finished-at="2020-12-04T11:16:56 IST" duration-ms="273" status="PASS">
          <reporter-output>
          </reporter-output>
        </test-method> <!-- verifyHeader -->
        <test-method is-config="true" signature="afterMethod()[pri:0, instance:test.HomePageTest@7ff95560]" started-at="2020-12-04T11:16:56 IST" name="afterMethod" finished-at="2020-12-04T11:16:56 IST" duration-ms="1" status="PASS">
          <reporter-output>
          </reporter-output>
        </test-method> <!-- afterMethod -->
        <test-method is-config="true" signature="beforeMethod()[pri:0, instance:test.HomePageTest@7ff95560]" started-at="2020-12-04T11:16:56 IST" name="beforeMethod" finished-at="2020-12-04T11:16:56 IST" duration-ms="1" status="PASS">
          <reporter-output>
          </reporter-output>
        </test-method> <!-- beforeMethod -->
        <test-method signature="verifyTitle()[pri:0, instance:test.HomePageTest@7ff95560]" started-at="2020-12-04T11:16:56 IST" name="verifyTitle" finished-at="2020-12-04T11:16:56 IST" duration-ms="17" status="PASS">
          <reporter-output>
          </reporter-output>
        </test-method> <!-- verifyTitle -->
        <test-method is-config="true" signature="afterMethod()[pri:0, instance:test.HomePageTest@7ff95560]" started-at="2020-12-04T11:16:56 IST" name="afterMethod" finished-at="2020-12-04T11:16:56 IST" duration-ms="1" status="PASS">
          <reporter-output>
          </reporter-output>
        </test-method> <!-- afterMethod -->
        <test-method is-config="true" signature="quitBrowser()[pri:0, instance:test.HomePageTest@7ff95560]" started-at="2020-12-04T11:16:56 IST" name="quitBrowser" finished-at="2020-12-04T11:16:56 IST" duration-ms="140" status="PASS">
          <reporter-output>
          </reporter-output>
        </test-method> <!-- quitBrowser -->
      </class> <!-- test.HomePageTest -->
      <class name="test.CustomerManagementTest">
        <test-method is-config="true" signature="beforeClass()[pri:0, instance:test.CustomerManagementTest@add0edd]" started-at="2020-12-04T11:16:56 IST" name="beforeClass" finished-at="2020-12-04T11:16:59 IST" duration-ms="2099" status="PASS">
          <reporter-output>
          </reporter-output>
        </test-method> <!-- beforeClass -->
        <test-method is-config="true" signature="beforeMethod()[pri:0, instance:test.CustomerManagementTest@add0edd]" started-at="2020-12-04T11:16:59 IST" name="beforeMethod" finished-at="2020-12-04T11:17:01 IST" duration-ms="2922" status="PASS">
          <reporter-output>
          </reporter-output>
        </test-method> <!-- beforeMethod -->
        <test-method signature="verifySearchCustomer_01()[pri:1, instance:test.CustomerManagementTest@add0edd]" started-at="2020-12-04T11:17:01 IST" name="verifySearchCustomer_01" finished-at="2020-12-04T11:17:02 IST" duration-ms="936" status="PASS">
          <reporter-output>
          </reporter-output>
        </test-method> <!-- verifySearchCustomer_01 -->
        <test-method is-config="true" signature="afterMethod()[pri:0, instance:test.CustomerManagementTest@add0edd]" started-at="2020-12-04T11:17:02 IST" name="afterMethod" finished-at="2020-12-04T11:17:03 IST" duration-ms="314" status="PASS">
          <reporter-output>
          </reporter-output>
        </test-method> <!-- afterMethod -->
        <test-method is-config="true" signature="beforeMethod()[pri:0, instance:test.CustomerManagementTest@add0edd]" started-at="2020-12-04T11:17:03 IST" name="beforeMethod" finished-at="2020-12-04T11:17:06 IST" duration-ms="2798" status="PASS">
          <reporter-output>
          </reporter-output>
        </test-method> <!-- beforeMethod -->
        <test-method signature="verifySearchCustomer_02()[pri:2, instance:test.CustomerManagementTest@add0edd]" started-at="2020-12-04T11:17:06 IST" name="verifySearchCustomer_02" finished-at="2020-12-04T11:17:06 IST" duration-ms="897" status="PASS">
          <reporter-output>
          </reporter-output>
        </test-method> <!-- verifySearchCustomer_02 -->
        <test-method is-config="true" signature="afterMethod()[pri:0, instance:test.CustomerManagementTest@add0edd]" started-at="2020-12-04T11:17:06 IST" name="afterMethod" finished-at="2020-12-04T11:17:07 IST" duration-ms="251" status="PASS">
          <reporter-output>
          </reporter-output>
        </test-method> <!-- afterMethod -->
        <test-method is-config="true" signature="beforeMethod()[pri:0, instance:test.CustomerManagementTest@add0edd]" started-at="2020-12-04T11:17:07 IST" name="beforeMethod" finished-at="2020-12-04T11:17:10 IST" duration-ms="2821" status="PASS">
          <reporter-output>
          </reporter-output>
        </test-method> <!-- beforeMethod -->
        <test-method signature="verifyViewCustomer()[pri:3, instance:test.CustomerManagementTest@add0edd]" started-at="2020-12-04T11:17:10 IST" name="verifyViewCustomer" finished-at="2020-12-04T11:17:10 IST" duration-ms="600" status="PASS">
          <reporter-output>
          </reporter-output>
        </test-method> <!-- verifyViewCustomer -->
        <test-method is-config="true" signature="afterMethod()[pri:0, instance:test.CustomerManagementTest@add0edd]" started-at="2020-12-04T11:17:10 IST" name="afterMethod" finished-at="2020-12-04T11:17:10 IST" duration-ms="253" status="PASS">
          <reporter-output>
          </reporter-output>
        </test-method> <!-- afterMethod -->
        <test-method is-config="true" signature="beforeMethod()[pri:0, instance:test.CustomerManagementTest@add0edd]" started-at="2020-12-04T11:17:10 IST" name="beforeMethod" finished-at="2020-12-04T11:17:13 IST" duration-ms="2855" status="PASS">
          <reporter-output>
          </reporter-output>
        </test-method> <!-- beforeMethod -->
        <test-method signature="verifyAddCustomer()[pri:4, instance:test.CustomerManagementTest@add0edd]" started-at="2020-12-04T11:17:13 IST" name="verifyAddCustomer" finished-at="2020-12-04T11:17:19 IST" duration-ms="5294" status="PASS">
          <reporter-output>
          </reporter-output>
        </test-method> <!-- verifyAddCustomer -->
        <test-method is-config="true" signature="afterMethod()[pri:0, instance:test.CustomerManagementTest@add0edd]" started-at="2020-12-04T11:17:19 IST" name="afterMethod" finished-at="2020-12-04T11:17:19 IST" duration-ms="334" status="PASS">
          <reporter-output>
          </reporter-output>
        </test-method> <!-- afterMethod -->
        <test-method is-config="true" signature="afterClass()[pri:0, instance:test.CustomerManagementTest@add0edd]" started-at="2020-12-04T11:17:19 IST" name="afterClass" finished-at="2020-12-04T11:17:19 IST" duration-ms="147" status="PASS">
          <reporter-output>
          </reporter-output>
        </test-method> <!-- afterClass -->
      </class> <!-- test.CustomerManagementTest -->
      <class name="test.CustomerProfileTest">
        <test-method is-config="true" signature="setUp()[pri:0, instance:test.CustomerProfileTest@2aa3cd93]" started-at="2020-12-04T11:17:19 IST" name="setUp" finished-at="2020-12-04T11:17:21 IST" duration-ms="2147" status="PASS">
          <reporter-output>
          </reporter-output>
        </test-method> <!-- setUp -->
        <test-method is-config="true" signature="beforeMethod()[pri:0, instance:test.CustomerProfileTest@2aa3cd93]" started-at="2020-12-04T11:17:21 IST" name="beforeMethod" finished-at="2020-12-04T11:17:25 IST" duration-ms="3841" status="PASS">
          <reporter-output>
          </reporter-output>
        </test-method> <!-- beforeMethod -->
        <test-method signature="verifyPersonalDetails()[pri:1, instance:test.CustomerProfileTest@2aa3cd93]" started-at="2020-12-04T11:17:25 IST" name="verifyPersonalDetails" finished-at="2020-12-04T11:17:26 IST" duration-ms="988" status="PASS">
          <reporter-output>
          </reporter-output>
        </test-method> <!-- verifyPersonalDetails -->
        <test-method is-config="true" signature="afterMethod()[pri:0, instance:test.CustomerProfileTest@2aa3cd93]" started-at="2020-12-04T11:17:26 IST" name="afterMethod" finished-at="2020-12-04T11:17:27 IST" duration-ms="1365" status="PASS">
          <reporter-output>
          </reporter-output>
        </test-method> <!-- afterMethod -->
        <test-method is-config="true" signature="beforeMethod()[pri:0, instance:test.CustomerProfileTest@2aa3cd93]" started-at="2020-12-04T11:17:27 IST" name="beforeMethod" finished-at="2020-12-04T11:17:31 IST" duration-ms="3743" status="PASS">
          <reporter-output>
          </reporter-output>
        </test-method> <!-- beforeMethod -->
        <test-method signature="checkChangePasswordPass()[pri:2, instance:test.CustomerProfileTest@2aa3cd93]" started-at="2020-12-04T11:17:31 IST" name="checkChangePasswordPass" finished-at="2020-12-04T11:17:39 IST" duration-ms="7640" status="PASS">
          <reporter-output>
          </reporter-output>
        </test-method> <!-- checkChangePasswordPass -->
        <test-method is-config="true" signature="afterMethod()[pri:0, instance:test.CustomerProfileTest@2aa3cd93]" started-at="2020-12-04T11:17:39 IST" name="afterMethod" finished-at="2020-12-04T11:17:40 IST" duration-ms="1310" status="PASS">
          <reporter-output>
          </reporter-output>
        </test-method> <!-- afterMethod -->
        <test-method is-config="true" signature="beforeMethod()[pri:0, instance:test.CustomerProfileTest@2aa3cd93]" started-at="2020-12-04T11:17:40 IST" name="beforeMethod" finished-at="2020-12-04T11:17:44 IST" duration-ms="3843" status="PASS">
          <reporter-output>
          </reporter-output>
        </test-method> <!-- beforeMethod -->
        <test-method signature="checkChangePasswordFail()[pri:3, instance:test.CustomerProfileTest@2aa3cd93]" started-at="2020-12-04T11:17:44 IST" name="checkChangePasswordFail" finished-at="2020-12-04T11:17:46 IST" duration-ms="2250" status="PASS">
          <reporter-output>
          </reporter-output>
        </test-method> <!-- checkChangePasswordFail -->
        <test-method is-config="true" signature="afterMethod()[pri:0, instance:test.CustomerProfileTest@2aa3cd93]" started-at="2020-12-04T11:17:46 IST" name="afterMethod" finished-at="2020-12-04T11:17:48 IST" duration-ms="1380" status="PASS">
          <reporter-output>
          </reporter-output>
        </test-method> <!-- afterMethod -->
        <test-method is-config="true" signature="quitBrowser()[pri:0, instance:test.CustomerProfileTest@2aa3cd93]" started-at="2020-12-04T11:17:48 IST" name="quitBrowser" finished-at="2020-12-04T11:17:48 IST" duration-ms="188" status="PASS">
          <reporter-output>
          </reporter-output>
        </test-method> <!-- quitBrowser -->
      </class> <!-- test.CustomerProfileTest -->
      <class name="test.AdminLogInTest">
        <test-method is-config="true" signature="SetUp()[pri:0, instance:test.AdminLogInTest@7ea37dbf]" started-at="2020-12-04T11:17:48 IST" name="SetUp" finished-at="2020-12-04T11:17:50 IST" duration-ms="2369" status="PASS">
          <reporter-output>
          </reporter-output>
        </test-method> <!-- SetUp -->
        <test-method signature="LogInCheckFailed_01()[pri:0, instance:test.AdminLogInTest@7ea37dbf]" started-at="2020-12-04T11:17:50 IST" name="LogInCheckFailed_01" finished-at="2020-12-04T11:17:53 IST" duration-ms="3261" status="PASS">
          <reporter-output>
          </reporter-output>
        </test-method> <!-- LogInCheckFailed_01 -->
        <test-method is-config="true" signature="quitBrowser()[pri:0, instance:test.AdminLogInTest@7ea37dbf]" started-at="2020-12-04T11:17:53 IST" name="quitBrowser" finished-at="2020-12-04T11:17:54 IST" duration-ms="164" status="PASS">
          <reporter-output>
          </reporter-output>
        </test-method> <!-- quitBrowser -->
        <test-method is-config="true" signature="SetUp()[pri:0, instance:test.AdminLogInTest@7ea37dbf]" started-at="2020-12-04T11:17:54 IST" name="SetUp" finished-at="2020-12-04T11:17:56 IST" duration-ms="2052" status="PASS">
          <reporter-output>
          </reporter-output>
        </test-method> <!-- SetUp -->
        <test-method signature="LogInCheckFailed_02()[pri:0, instance:test.AdminLogInTest@7ea37dbf]" started-at="2020-12-04T11:17:56 IST" name="LogInCheckFailed_02" finished-at="2020-12-04T11:17:58 IST" duration-ms="2819" status="PASS">
          <reporter-output>
          </reporter-output>
        </test-method> <!-- LogInCheckFailed_02 -->
        <test-method is-config="true" signature="quitBrowser()[pri:0, instance:test.AdminLogInTest@7ea37dbf]" started-at="2020-12-04T11:17:58 IST" name="quitBrowser" finished-at="2020-12-04T11:17:58 IST" duration-ms="91" status="PASS">
          <reporter-output>
          </reporter-output>
        </test-method> <!-- quitBrowser -->
        <test-method is-config="true" signature="SetUp()[pri:0, instance:test.AdminLogInTest@7ea37dbf]" started-at="2020-12-04T11:17:58 IST" name="SetUp" finished-at="2020-12-04T11:18:00 IST" duration-ms="1905" status="PASS">
          <reporter-output>
          </reporter-output>
        </test-method> <!-- SetUp -->
        <test-method signature="LogInCheckFailed_03()[pri:0, instance:test.AdminLogInTest@7ea37dbf]" started-at="2020-12-04T11:18:00 IST" name="LogInCheckFailed_03" finished-at="2020-12-04T11:18:03 IST" duration-ms="2877" status="PASS">
          <reporter-output>
          </reporter-output>
        </test-method> <!-- LogInCheckFailed_03 -->
        <test-method is-config="true" signature="quitBrowser()[pri:0, instance:test.AdminLogInTest@7ea37dbf]" started-at="2020-12-04T11:18:03 IST" name="quitBrowser" finished-at="2020-12-04T11:18:03 IST" duration-ms="135" status="PASS">
          <reporter-output>
          </reporter-output>
        </test-method> <!-- quitBrowser -->
        <test-method is-config="true" signature="SetUp()[pri:0, instance:test.AdminLogInTest@7ea37dbf]" started-at="2020-12-04T11:18:03 IST" name="SetUp" finished-at="2020-12-04T11:18:05 IST" duration-ms="1902" status="PASS">
          <reporter-output>
          </reporter-output>
        </test-method> <!-- SetUp -->
        <test-method signature="LogInCheckPass_01()[pri:0, instance:test.AdminLogInTest@7ea37dbf]" started-at="2020-12-04T11:18:05 IST" name="LogInCheckPass_01" finished-at="2020-12-04T11:18:08 IST" duration-ms="3103" status="PASS">
          <reporter-output>
          </reporter-output>
        </test-method> <!-- LogInCheckPass_01 -->
        <test-method is-config="true" signature="quitBrowser()[pri:0, instance:test.AdminLogInTest@7ea37dbf]" started-at="2020-12-04T11:18:08 IST" name="quitBrowser" finished-at="2020-12-04T11:18:09 IST" duration-ms="107" status="PASS">
          <reporter-output>
          </reporter-output>
        </test-method> <!-- quitBrowser -->
      </class> <!-- test.AdminLogInTest -->
      <class name="test.AdminProfileTest">
        <test-method is-config="true" signature="beforeClass()[pri:0, instance:test.AdminProfileTest@4b44655e]" started-at="2020-12-04T11:18:09 IST" name="beforeClass" finished-at="2020-12-04T11:18:11 IST" duration-ms="2218" status="PASS">
          <reporter-output>
          </reporter-output>
        </test-method> <!-- beforeClass -->
        <test-method is-config="true" signature="beforeMethod()[pri:0, instance:test.AdminProfileTest@4b44655e]" started-at="2020-12-04T11:18:11 IST" name="beforeMethod" finished-at="2020-12-04T11:18:14 IST" duration-ms="2814" status="PASS">
          <reporter-output>
          </reporter-output>
        </test-method> <!-- beforeMethod -->
        <test-method signature="changePasswordFailTest()[pri:0, instance:test.AdminProfileTest@4b44655e]" started-at="2020-12-04T11:18:14 IST" name="changePasswordFailTest" finished-at="2020-12-04T11:18:16 IST" duration-ms="2234" status="PASS">
          <reporter-output>
          </reporter-output>
        </test-method> <!-- changePasswordFailTest -->
        <test-method is-config="true" signature="afterMethod()[pri:0, instance:test.AdminProfileTest@4b44655e]" started-at="2020-12-04T11:18:16 IST" name="afterMethod" finished-at="2020-12-04T11:18:16 IST" duration-ms="274" status="PASS">
          <reporter-output>
          </reporter-output>
        </test-method> <!-- afterMethod -->
        <test-method is-config="true" signature="beforeMethod()[pri:0, instance:test.AdminProfileTest@4b44655e]" started-at="2020-12-04T11:18:16 IST" name="beforeMethod" finished-at="2020-12-04T11:18:19 IST" duration-ms="2781" status="PASS">
          <reporter-output>
          </reporter-output>
        </test-method> <!-- beforeMethod -->
        <test-method signature="changePasswordPassTest()[pri:0, instance:test.AdminProfileTest@4b44655e]" started-at="2020-12-04T11:18:19 IST" name="changePasswordPassTest" finished-at="2020-12-04T11:18:23 IST" duration-ms="4600" status="PASS">
          <reporter-output>
          </reporter-output>
        </test-method> <!-- changePasswordPassTest -->
        <test-method is-config="true" signature="afterMethod()[pri:0, instance:test.AdminProfileTest@4b44655e]" started-at="2020-12-04T11:18:23 IST" name="afterMethod" finished-at="2020-12-04T11:18:24 IST" duration-ms="250" status="PASS">
          <reporter-output>
          </reporter-output>
        </test-method> <!-- afterMethod -->
        <test-method is-config="true" signature="afterClass()[pri:0, instance:test.AdminProfileTest@4b44655e]" started-at="2020-12-04T11:18:24 IST" name="afterClass" finished-at="2020-12-04T11:18:24 IST" duration-ms="137" status="PASS">
          <reporter-output>
          </reporter-output>
        </test-method> <!-- afterClass -->
      </class> <!-- test.AdminProfileTest -->
    </test> <!-- Default test -->
  </suite> <!-- Default suite -->
</testng-results>
